<?xml version="1.0" encoding="UTF-8"?>
<!-- Generated by org.testng.reporters.JUnitReportReporter -->
<testsuite skipped="0" hostname="DESKTOP-KSUCV8T" name="Dell.DellTest.AppTest" tests="1" failures="0" timestamp="15 Sep 2018 23:34:29 GMT" time="33.354" errors="0">
  <testcase name="test" time="33.354" classname="Dell.DellTest.AppTest"/>
</testsuite> <!-- Dell.DellTest.AppTest -->
