<?xml version="1.0" encoding="UTF-8"?>
<!-- Generated by org.testng.reporters.JUnitReportReporter -->
<testsuite skipped="0" hostname="DESKTOP-KSUCV8T" name="Group.Artifact.AppTest" tests="1" failures="0" timestamp="10 Sep 2018 21:36:07 GMT" time="75.657" errors="0">
  <testcase name="Browser" time="75.657" classname="Group.Artifact.AppTest"/>
</testsuite> <!-- Group.Artifact.AppTest -->
