<?xml version="1.0" encoding="UTF-8"?>
<!-- Generated by org.testng.reporters.JUnitReportReporter -->
<testsuite name="com.pluralsight.RegressionTest" tests="3" time="36.274" ignored="0" failures="0" timestamp="29 Sep 2018 22:22:01 GMT" skipped="0" hostname="DESKTOP-KSUCV8T" errors="0">
  <testcase name="canGoToHomePage" time="14.001" classname="com.pluralsight.RegressionTest"/>
  <testcase name="canGoToHelpPage" time="11.214" classname="com.pluralsight.RegressionTest"/>
  <testcase name="canGoToFindusPage" time="11.059" classname="com.pluralsight.RegressionTest"/>
</testsuite> <!-- com.pluralsight.RegressionTest -->
