<?xml version="1.0" encoding="UTF-8"?>
<!-- Generated by org.testng.reporters.JUnitReportReporter -->
<testsuite name="com.pluralsight.UnitTest" tests="3" time="57.445" ignored="0" failures="0" timestamp="27 Sep 2018 19:42:48 GMT" skipped="0" hostname="DESKTOP-KSUCV8T" errors="0">
  <testcase name="canGoToHelpPage" time="21.506" classname="com.pluralsight.UnitTest"/>
  <testcase name="canGoToFindusPage" time="15.010" classname="com.pluralsight.UnitTest"/>
  <testcase name="canGoToHomePage" time="20.929" classname="com.pluralsight.UnitTest"/>
</testsuite> <!-- com.pluralsight.UnitTest -->
