<?xml version="1.0" encoding="UTF-8"?>
<!-- Generated by org.testng.reporters.JUnitReportReporter -->
<testsuite name="com.pluralsight.UnitTest" tests="3" time="39.307" ignored="0" failures="0" timestamp="27 Sep 2018 20:34:44 GMT" skipped="0" hostname="DESKTOP-KSUCV8T" errors="0">
  <testcase name="canGoToHomePage" time="11.560" classname="com.pluralsight.UnitTest"/>
  <testcase name="canGoToFindusPage" time="15.904" classname="com.pluralsight.UnitTest"/>
  <testcase name="canGoToHelpPage" time="11.843" classname="com.pluralsight.UnitTest"/>
</testsuite> <!-- com.pluralsight.UnitTest -->
