<?xml version="1.0" encoding="UTF-8"?>
<!-- Generated by org.testng.reporters.JUnitReportReporter -->
<testsuite name="com.pluralsight.UnitTest" tests="3" time="85.538" ignored="0" failures="0" timestamp="02 Oct 2018 21:38:30 GMT" skipped="0" hostname="DESKTOP-KSUCV8T" errors="0">
  <testcase name="canGoToFindusPage" time="16.370" classname="com.pluralsight.UnitTest"/>
  <testcase name="canGoToHomePage" time="45.427" classname="com.pluralsight.UnitTest"/>
  <testcase name="canGoToHelpPage" time="23.741" classname="com.pluralsight.UnitTest"/>
</testsuite> <!-- com.pluralsight.UnitTest -->
