<?xml version="1.0" encoding="UTF-8"?>
<!-- Generated by org.testng.reporters.JUnitReportReporter -->
<testsuite name="com.pluralsight.RegressionTest" tests="4" time="84.685" ignored="0" failures="0" timestamp="20 Oct 2018 23:03:20 GMT" skipped="0" hostname="DESKTOP-KSUCV8T" errors="0">
  <testcase name="canGoToHelpPage" time="15.663" classname="com.pluralsight.RegressionTest"/>
  <testcase name="canGoToAccessibilityPage" time="19.751" classname="com.pluralsight.RegressionTest"/>
  <testcase name="canGoToFindusPage" time="14.722" classname="com.pluralsight.RegressionTest"/>
  <testcase name="canGoToHomePage" time="34.549" classname="com.pluralsight.RegressionTest"/>
</testsuite> <!-- com.pluralsight.RegressionTest -->
