<?xml version="1.0" encoding="UTF-8"?>
<!-- Generated by org.testng.reporters.JUnitReportReporter -->
<testsuite name="com.pluralsight.RegressionTest" tests="4" time="75.254" ignored="0" failures="0" timestamp="20 Oct 2018 11:50:56 GMT" skipped="0" hostname="DESKTOP-KSUCV8T" errors="0">
  <testcase name="canGoToHelpPage" time="13.012" classname="com.pluralsight.RegressionTest"/>
  <testcase name="canGoToFindusPage" time="12.920" classname="com.pluralsight.RegressionTest"/>
  <testcase name="canGoToAccessibilityPage" time="17.907" classname="com.pluralsight.RegressionTest"/>
  <testcase name="canGoToHomePage" time="31.415" classname="com.pluralsight.RegressionTest"/>
</testsuite> <!-- com.pluralsight.RegressionTest -->
